#-----------------------------------------------------------
# Vivado v2019.2 (64-bit)
# SW Build 2708876 on Wed Nov  6 21:40:23 MST 2019
# IP Build 2700528 on Thu Nov  7 00:09:20 MST 2019
# Start of session at: Wed Oct 29 14:29:16 2025
# Process ID: 8336
# Current directory: E:/verilog/SSD_CTRL
# Command line: vivado.exe -gui_launcher_event rodinguilauncherevent7304 E:\verilog\SSD_CTRL\SSD_CTRL.xpr
# Log file: E:/verilog/SSD_CTRL/vivado.log
# Journal file: E:/verilog/SSD_CTRL\vivado.jou
#-----------------------------------------------------------
start_gui
open_project E:/verilog/SSD_CTRL/SSD_CTRL.xpr
Scanning sources...
Finished scanning sources
INFO: [IP_Flow 19-234] Refreshing IP repositories
INFO: [IP_Flow 19-1704] No user IP repositories specified
INFO: [IP_Flow 19-2313] Loaded Vivado IP repository 'C:/Xilinx/Vivado/2019.2/data/ip'.
update_compile_order -fileset sources_1
exit
INFO: [Common 17-206] Exiting Vivado at Wed Oct 29 14:35:54 2025...
